<?xml version="1.0" encoding="UTF-8"?>
<testsuite xmlns:xsi="http://www.w3.org/2001/XMLSchema-instance" xsi:noNamespaceSchemaLocation="https://maven.apache.org/surefire/maven-surefire-plugin/xsd/surefire-test-report-3.0.xsd" version="3.0" name="com.geekbrains.lesson5.AfishaTest" time="36.32" tests="1" errors="0" skipped="0" failures="0">
  <properties>
[...]
</properties>
  <testcase name="hoverMenuTest" classname="com.geekbrains.lesson5.AfishaTest" time="32.299">
    <system-out><![CDATA[12:41:13.072 [main] DEBUG i.g.b.wdm.cache.ResolutionCache - Resolution chrome=97 in cache (valid until 13:39:07 29/01/2022 MSK)
12:41:13.083 [main] DEBUG i.g.b.wdm.cache.ResolutionCache - Resolution chrome97=97.0.4692.71 in cache (valid until 12:39:07 30/01/2022 MSK)
12:41:13.085 [main] INFO  i.g.bonigarcia.wdm.WebDriverManager - Using chromedriver 97.0.4692.71 (resolved driver for Chrome 97)
12:41:13.160 [main] DEBUG i.g.bonigarcia.wdm.WebDriverManager - Driver chromedriver 97.0.4692.71 found in cache
12:41:13.168 [main] INFO  i.g.bonigarcia.wdm.WebDriverManager - Exporting webdriver.chrome.driver as C:\Users\RS\.cache\selenium\chromedriver\win32\97.0.4692.71\chromedriver.exe
12:41:13.785 [main] DEBUG i.n.u.i.l.InternalLoggerFactory - Using SLF4J as the default logging framework
12:41:13.794 [main] DEBUG io.netty.util.ResourceLeakDetector - -Dio.netty.leakDetection.level: simple
12:41:13.794 [main] DEBUG io.netty.util.ResourceLeakDetector - -Dio.netty.leakDetection.targetRecords: 4
12:41:13.814 [main] DEBUG i.n.util.ResourceLeakDetectorFactory - Loaded default ResourceLeakDetector: io.netty.util.ResourceLeakDetector@55dfebeb
12:41:13.868 [main] DEBUG i.n.util.internal.PlatformDependent0 - -Dio.netty.noUnsafe: false
12:41:13.869 [main] DEBUG i.n.util.internal.PlatformDependent0 - Java version: 8
12:41:13.874 [main] DEBUG i.n.util.internal.PlatformDependent0 - sun.misc.Unsafe.theUnsafe: available
12:41:13.877 [main] DEBUG i.n.util.internal.PlatformDependent0 - sun.misc.Unsafe.copyMemory: available
12:41:13.879 [main] DEBUG i.n.util.internal.PlatformDependent0 - java.nio.Buffer.address: available
12:41:13.881 [main] DEBUG i.n.util.internal.PlatformDependent0 - direct buffer constructor: available
12:41:13.883 [main] DEBUG i.n.util.internal.PlatformDependent0 - java.nio.Bits.unaligned: available, true
12:41:13.884 [main] DEBUG i.n.util.internal.PlatformDependent0 - jdk.internal.misc.Unsafe.allocateUninitializedArray(int): unavailable prior to Java9
12:41:13.884 [main] DEBUG i.n.util.internal.PlatformDependent0 - java.nio.DirectByteBuffer.<init>(long, int): available
12:41:13.885 [main] DEBUG i.n.util.internal.PlatformDependent - sun.misc.Unsafe: available
12:41:13.886 [main] DEBUG i.n.util.internal.PlatformDependent - -Dio.netty.tmpdir: C:\Users\RS\AppData\Local\Temp (java.io.tmpdir)
12:41:13.886 [main] DEBUG i.n.util.internal.PlatformDependent - -Dio.netty.bitMode: 64 (sun.arch.data.model)
12:41:13.888 [main] DEBUG i.n.util.internal.PlatformDependent - Platform: Windows
12:41:13.891 [main] DEBUG i.n.util.internal.PlatformDependent - -Dio.netty.maxDirectMemory: 2673344512 bytes
12:41:13.892 [main] DEBUG i.n.util.internal.PlatformDependent - -Dio.netty.uninitializedArrayAllocationThreshold: -1
12:41:13.895 [main] DEBUG io.netty.util.internal.CleanerJava6 - java.nio.ByteBuffer.cleaner(): available
12:41:13.896 [main] DEBUG i.n.util.internal.PlatformDependent - -Dio.netty.noPreferDirect: false
12:41:13.952 [main] DEBUG i.n.util.internal.PlatformDependent - org.jctools-core.MpscChunkedArrayQueue: available
12:41:14.068 [main] DEBUG i.n.u.i.InternalThreadLocalMap - -Dio.netty.threadLocalMap.stringBuilder.initialSize: 1024
12:41:14.068 [main] DEBUG i.n.u.i.InternalThreadLocalMap - -Dio.netty.threadLocalMap.stringBuilder.maxSize: 4096
12:41:14.147 [main] DEBUG io.netty.handler.ssl.JdkSslContext - Default protocols (JDK): [TLSv1.2] 
12:41:14.148 [main] DEBUG io.netty.handler.ssl.JdkSslContext - Default cipher suites (JDK): [TLS_ECDHE_ECDSA_WITH_AES_256_GCM_SHA384, TLS_ECDHE_ECDSA_WITH_AES_128_GCM_SHA256, TLS_ECDHE_RSA_WITH_AES_128_GCM_SHA256, TLS_ECDHE_RSA_WITH_AES_256_GCM_SHA384, TLS_ECDHE_RSA_WITH_AES_128_CBC_SHA, TLS_ECDHE_RSA_WITH_AES_256_CBC_SHA, TLS_RSA_WITH_AES_128_GCM_SHA256, TLS_RSA_WITH_AES_128_CBC_SHA, TLS_RSA_WITH_AES_256_CBC_SHA, TLS_AES_128_GCM_SHA256, TLS_AES_256_GCM_SHA384]
12:41:14.283 [main] DEBUG i.n.c.MultithreadEventLoopGroup - -Dio.netty.eventLoopThreads: 8
12:41:14.318 [main] DEBUG io.netty.channel.nio.NioEventLoop - -Dio.netty.noKeySetOptimization: false
12:41:14.319 [main] DEBUG io.netty.channel.nio.NioEventLoop - -Dio.netty.selectorAutoRebuildThreshold: 512
12:41:14.654 [main] DEBUG i.n.buffer.PooledByteBufAllocator - -Dio.netty.allocator.numHeapArenas: 8
12:41:14.655 [main] DEBUG i.n.buffer.PooledByteBufAllocator - -Dio.netty.allocator.numDirectArenas: 8
12:41:14.655 [main] DEBUG i.n.buffer.PooledByteBufAllocator - -Dio.netty.allocator.pageSize: 8192
12:41:14.655 [main] DEBUG i.n.buffer.PooledByteBufAllocator - -Dio.netty.allocator.maxOrder: 11
12:41:14.656 [main] DEBUG i.n.buffer.PooledByteBufAllocator - -Dio.netty.allocator.chunkSize: 16777216
12:41:14.656 [main] DEBUG i.n.buffer.PooledByteBufAllocator - -Dio.netty.allocator.smallCacheSize: 256
12:41:14.656 [main] DEBUG i.n.buffer.PooledByteBufAllocator - -Dio.netty.allocator.normalCacheSize: 64
12:41:14.656 [main] DEBUG i.n.buffer.PooledByteBufAllocator - -Dio.netty.allocator.maxCachedBufferCapacity: 32768
12:41:14.657 [main] DEBUG i.n.buffer.PooledByteBufAllocator - -Dio.netty.allocator.cacheTrimInterval: 8192
12:41:14.657 [main] DEBUG i.n.buffer.PooledByteBufAllocator - -Dio.netty.allocator.cacheTrimIntervalMillis: 0
12:41:14.657 [main] DEBUG i.n.buffer.PooledByteBufAllocator - -Dio.netty.allocator.useCacheForAllThreads: true
12:41:14.657 [main] DEBUG i.n.buffer.PooledByteBufAllocator - -Dio.netty.allocator.maxCachedByteBuffersPerChunk: 1023
12:41:14.697 [main] DEBUG io.netty.buffer.ByteBufUtil - -Dio.netty.allocator.type: pooled
12:41:14.697 [main] DEBUG io.netty.buffer.ByteBufUtil - -Dio.netty.threadLocalDirectBufferSize: 0
12:41:14.697 [main] DEBUG io.netty.buffer.ByteBufUtil - -Dio.netty.maxThreadLocalCharBufferSize: 16384
12:41:16.336 [Forwarding newSession on session null to remote] DEBUG io.netty.channel.DefaultChannelId - -Dio.netty.processId: 2912 (auto-detected)
12:41:16.345 [Forwarding newSession on session null to remote] DEBUG io.netty.util.NetUtil - -Djava.net.preferIPv4Stack: false
12:41:16.345 [Forwarding newSession on session null to remote] DEBUG io.netty.util.NetUtil - -Djava.net.preferIPv6Addresses: false
12:41:17.238 [Forwarding newSession on session null to remote] DEBUG io.netty.util.NetUtilInitializations - Loopback interface: lo (Software Loopback Interface 1, 127.0.0.1)
12:41:17.242 [Forwarding newSession on session null to remote] DEBUG io.netty.util.NetUtil - Failed to get SOMAXCONN from sysctl and file \proc\sys\net\core\somaxconn. Default: 200
12:41:18.224 [Forwarding newSession on session null to remote] DEBUG io.netty.channel.DefaultChannelId - -Dio.netty.machineId: 24:fd:52:ff:fe:da:94:b4 (auto-detected)
12:41:18.384 [AsyncHttpClient-1-2] DEBUG io.netty.buffer.AbstractByteBuf - -Dio.netty.buffer.checkAccessible: true
12:41:18.385 [AsyncHttpClient-1-2] DEBUG io.netty.buffer.AbstractByteBuf - -Dio.netty.buffer.checkBounds: true
12:41:18.385 [AsyncHttpClient-1-2] DEBUG i.n.util.ResourceLeakDetectorFactory - Loaded default ResourceLeakDetector: io.netty.util.ResourceLeakDetector@7c837b41
12:41:18.439 [AsyncHttpClient-1-2] DEBUG o.a.n.channel.NettyConnectListener - Using new Channel '[id: 0x4fb6e4bd, L:/127.0.0.1:53719 - R:localhost/127.0.0.1:50534]' for 'POST' to '/session'
12:41:18.518 [AsyncHttpClient-1-2] DEBUG io.netty.util.Recycler - -Dio.netty.recycler.maxCapacityPerThread: 4096
12:41:18.518 [AsyncHttpClient-1-2] DEBUG io.netty.util.Recycler - -Dio.netty.recycler.maxSharedCapacityFactor: 2
12:41:18.518 [AsyncHttpClient-1-2] DEBUG io.netty.util.Recycler - -Dio.netty.recycler.linkCapacity: 16
12:41:18.519 [AsyncHttpClient-1-2] DEBUG io.netty.util.Recycler - -Dio.netty.recycler.ratio: 8
12:41:18.519 [AsyncHttpClient-1-2] DEBUG io.netty.util.Recycler - -Dio.netty.recycler.delayedQueue.ratio: 8
12:41:20.971 [AsyncHttpClient-1-2] DEBUG i.n.handler.codec.compression.Brotli - brotli4j not in the classpath; Brotli support will be unavailable.
12:41:20.972 [AsyncHttpClient-1-2] DEBUG o.a.netty.handler.HttpHandler - 

Request DefaultHttpRequest(decodeResult: success, version: HTTP/1.1)
POST /session HTTP/1.1
User-Agent: selenium/4.1.1 (java windows)
Content-Length: 365
Content-Type: application/json; charset=utf-8
host: localhost:50534
accept: */*

Response DefaultHttpResponse(decodeResult: success, version: HTTP/1.1)
HTTP/1.1 200 OK
Content-Type: application/json; charset=utf-8
cache-control: no-cache
content-length: 786

12:41:21.012 [AsyncHttpClient-1-2] DEBUG o.a.netty.channel.ChannelManager - Adding key: http://localhost:50534 for channel [id: 0x4fb6e4bd, L:/127.0.0.1:53719 - R:localhost/127.0.0.1:50534]
12:41:21.790 [AsyncHttpClient-1-1] DEBUG o.a.netty.channel.DefaultChannelPool - Entry count for : http://localhost:50534 : 1
12:41:21.830 [AsyncHttpClient-1-3] DEBUG o.a.n.channel.NettyConnectListener - Using new Channel '[id: 0x10da878e, L:/127.0.0.1:53728 - R:localhost/127.0.0.1:53720]' for 'GET' to '/json/version'
12:41:21.838 [AsyncHttpClient-1-3] DEBUG o.a.netty.handler.HttpHandler - 

Request DefaultFullHttpRequest(decodeResult: success, version: HTTP/1.1, content: EmptyByteBufBE)
GET /json/version HTTP/1.1
User-Agent: selenium/4.1.1 (java windows)
host: localhost:53720
accept: */*

Response DefaultHttpResponse(decodeResult: success, version: HTTP/1.1)
HTTP/1.1 200 OK
Content-Type: application/json; charset=UTF-8
content-length: 424

12:41:21.840 [AsyncHttpClient-1-3] DEBUG o.a.netty.channel.ChannelManager - Adding key: http://localhost:53720 for channel [id: 0x10da878e, L:/127.0.0.1:53728 - R:localhost/127.0.0.1:53720]
12:41:21.879 [main] DEBUG i.n.util.internal.ThreadLocalRandom - -Dio.netty.initialSeedUniquifier: 0x113314cdb6120e38
12:41:21.903 [AsyncHttpClient-1-4] DEBUG o.a.n.channel.NettyConnectListener - Using new Channel '[id: 0x12d2421a, L:/127.0.0.1:53729 - R:localhost/127.0.0.1:53720]' for 'GET' to '/devtools/browser/1b54cac8-2123-4cc3-ad24-17540be0ac61'
12:41:21.910 [AsyncHttpClient-1-4] DEBUG o.a.netty.handler.WebSocketHandler - 

Request DefaultFullHttpRequest(decodeResult: success, version: HTTP/1.1, content: EmptyByteBufBE)
GET /devtools/browser/1b54cac8-2123-4cc3-ad24-17540be0ac61 HTTP/1.1
upgrade: websocket
connection: upgrade
sec-websocket-key: Y8M6n7+f3VLlLfyiKlaHbA==
sec-websocket-version: 13
origin: http://localhost:53720
host: localhost:53720
accept: */*
user-agent: AHC/2.1

Response DefaultHttpResponse(decodeResult: success, version: HTTP/1.1)
HTTP/1.1 101 WebSocket Protocol Handshake
Upgrade: WebSocket
Connection: Upgrade
Sec-WebSocket-Accept: 4YSaR3DrFNbM2I4GLOsRf8qaWVM=

12:41:22.203 [Forwarding get on session 993fcb0c79c5cc99e07ae54bdd044633 to remote] DEBUG o.a.netty.request.NettyRequestSender - Using pooled Channel '[id: 0x4fb6e4bd, L:/127.0.0.1:53719 - R:localhost/127.0.0.1:50534]' for 'POST' to 'http://localhost:50534/session/993fcb0c79c5cc99e07ae54bdd044633/url'
12:41:22.204 [Forwarding get on session 993fcb0c79c5cc99e07ae54bdd044633 to remote] DEBUG o.a.netty.request.NettyRequestSender - Using open Channel [id: 0x4fb6e4bd, L:/127.0.0.1:53719 - R:localhost/127.0.0.1:50534] for POST '/session/993fcb0c79c5cc99e07ae54bdd044633/url'
12:41:22.895 [AsyncHttpClient-1-1] DEBUG o.a.netty.channel.DefaultChannelPool - Entry count for : http://localhost:53720 : 1
12:41:23.994 [AsyncHttpClient-1-1] DEBUG o.a.netty.channel.DefaultChannelPool - Entry count for : http://localhost:53720 : 1
12:41:25.112 [AsyncHttpClient-1-1] DEBUG o.a.netty.channel.DefaultChannelPool - Entry count for : http://localhost:53720 : 1
12:41:26.196 [AsyncHttpClient-1-1] DEBUG o.a.netty.channel.DefaultChannelPool - Entry count for : http://localhost:53720 : 1
12:41:27.309 [AsyncHttpClient-1-1] DEBUG o.a.netty.channel.DefaultChannelPool - Entry count for : http://localhost:53720 : 1
12:41:28.385 [AsyncHttpClient-1-1] DEBUG o.a.netty.channel.DefaultChannelPool - Entry count for : http://localhost:53720 : 1
12:41:29.486 [AsyncHttpClient-1-1] DEBUG o.a.netty.channel.DefaultChannelPool - Entry count for : http://localhost:53720 : 1
12:41:30.591 [AsyncHttpClient-1-1] DEBUG o.a.netty.channel.DefaultChannelPool - Entry count for : http://localhost:53720 : 1
12:41:31.686 [AsyncHttpClient-1-1] DEBUG o.a.netty.channel.DefaultChannelPool - Entry count for : http://localhost:53720 : 1
12:41:32.794 [AsyncHttpClient-1-1] DEBUG o.a.netty.channel.DefaultChannelPool - Entry count for : http://localhost:53720 : 1
12:41:33.901 [AsyncHttpClient-1-1] DEBUG o.a.netty.channel.DefaultChannelPool - Entry count for : http://localhost:53720 : 1
12:41:34.987 [AsyncHttpClient-1-1] DEBUG o.a.netty.channel.DefaultChannelPool - Entry count for : http://localhost:53720 : 1
12:41:36.091 [AsyncHttpClient-1-1] DEBUG o.a.netty.channel.DefaultChannelPool - Entry count for : http://localhost:53720 : 1
12:41:37.191 [AsyncHttpClient-1-1] DEBUG o.a.netty.channel.DefaultChannelPool - Entry count for : http://localhost:53720 : 1
12:41:38.291 [AsyncHttpClient-1-1] DEBUG o.a.netty.channel.DefaultChannelPool - Entry count for : http://localhost:53720 : 1
12:41:39.392 [AsyncHttpClient-1-1] DEBUG o.a.netty.channel.DefaultChannelPool - Entry count for : http://localhost:53720 : 1
12:41:39.883 [AsyncHttpClient-1-2] DEBUG o.a.netty.handler.HttpHandler - 

Request DefaultHttpRequest(decodeResult: success, version: HTTP/1.1)
POST /session/993fcb0c79c5cc99e07ae54bdd044633/url HTTP/1.1
User-Agent: selenium/4.1.1 (java windows)
Content-Length: 52
Content-Type: application/json; charset=utf-8
host: localhost:50534
accept: */*

Response DefaultHttpResponse(decodeResult: success, version: HTTP/1.1)
HTTP/1.1 200 OK
Content-Type: application/json; charset=utf-8
cache-control: no-cache
content-length: 14

12:41:39.884 [AsyncHttpClient-1-2] DEBUG o.a.netty.channel.ChannelManager - Adding key: http://localhost:50534 for channel [id: 0x4fb6e4bd, L:/127.0.0.1:53719 - R:localhost/127.0.0.1:50534]
12:41:39.921 [Forwarding findElement on session 993fcb0c79c5cc99e07ae54bdd044633 to remote] DEBUG o.a.netty.request.NettyRequestSender - Using pooled Channel '[id: 0x4fb6e4bd, L:/127.0.0.1:53719 - R:localhost/127.0.0.1:50534]' for 'POST' to 'http://localhost:50534/session/993fcb0c79c5cc99e07ae54bdd044633/element'
12:41:39.922 [Forwarding findElement on session 993fcb0c79c5cc99e07ae54bdd044633 to remote] DEBUG o.a.netty.request.NettyRequestSender - Using open Channel [id: 0x4fb6e4bd, L:/127.0.0.1:53719 - R:localhost/127.0.0.1:50534] for POST '/session/993fcb0c79c5cc99e07ae54bdd044633/element'
12:41:40.171 [AsyncHttpClient-1-2] DEBUG o.a.netty.handler.HttpHandler - 

Request DefaultHttpRequest(decodeResult: success, version: HTTP/1.1)
POST /session/993fcb0c79c5cc99e07ae54bdd044633/element HTTP/1.1
User-Agent: selenium/4.1.1 (java windows)
Content-Length: 64
Content-Type: application/json; charset=utf-8
host: localhost:50534
accept: */*

Response DefaultHttpResponse(decodeResult: success, version: HTTP/1.1)
HTTP/1.1 200 OK
Content-Type: application/json; charset=utf-8
cache-control: no-cache
content-length: 88

12:41:40.173 [AsyncHttpClient-1-2] DEBUG o.a.netty.channel.ChannelManager - Adding key: http://localhost:50534 for channel [id: 0x4fb6e4bd, L:/127.0.0.1:53719 - R:localhost/127.0.0.1:50534]
12:41:40.230 [Forwarding actions on session 993fcb0c79c5cc99e07ae54bdd044633 to remote] DEBUG o.a.netty.request.NettyRequestSender - Using pooled Channel '[id: 0x4fb6e4bd, L:/127.0.0.1:53719 - R:localhost/127.0.0.1:50534]' for 'POST' to 'http://localhost:50534/session/993fcb0c79c5cc99e07ae54bdd044633/actions'
12:41:40.231 [Forwarding actions on session 993fcb0c79c5cc99e07ae54bdd044633 to remote] DEBUG o.a.netty.request.NettyRequestSender - Using open Channel [id: 0x4fb6e4bd, L:/127.0.0.1:53719 - R:localhost/127.0.0.1:50534] for POST '/session/993fcb0c79c5cc99e07ae54bdd044633/actions'
12:41:40.486 [AsyncHttpClient-1-1] DEBUG o.a.netty.channel.DefaultChannelPool - Entry count for : http://localhost:53720 : 1
12:41:40.794 [AsyncHttpClient-1-2] DEBUG o.a.netty.handler.HttpHandler - 

Request DefaultHttpRequest(decodeResult: success, version: HTTP/1.1)
POST /session/993fcb0c79c5cc99e07ae54bdd044633/actions HTTP/1.1
User-Agent: selenium/4.1.1 (java windows)
Content-Length: 480
Content-Type: application/json; charset=utf-8
host: localhost:50534
accept: */*

Response DefaultHttpResponse(decodeResult: success, version: HTTP/1.1)
HTTP/1.1 200 OK
Content-Type: application/json; charset=utf-8
cache-control: no-cache
content-length: 14

12:41:40.798 [AsyncHttpClient-1-2] DEBUG o.a.netty.channel.ChannelManager - Adding key: http://localhost:50534 for channel [id: 0x4fb6e4bd, L:/127.0.0.1:53719 - R:localhost/127.0.0.1:50534]
12:41:40.808 [Forwarding findElement on session 993fcb0c79c5cc99e07ae54bdd044633 to remote] DEBUG o.a.netty.request.NettyRequestSender - Using pooled Channel '[id: 0x4fb6e4bd, L:/127.0.0.1:53719 - R:localhost/127.0.0.1:50534]' for 'POST' to 'http://localhost:50534/session/993fcb0c79c5cc99e07ae54bdd044633/element'
12:41:40.808 [Forwarding findElement on session 993fcb0c79c5cc99e07ae54bdd044633 to remote] DEBUG o.a.netty.request.NettyRequestSender - Using open Channel [id: 0x4fb6e4bd, L:/127.0.0.1:53719 - R:localhost/127.0.0.1:50534] for POST '/session/993fcb0c79c5cc99e07ae54bdd044633/element'
12:41:41.581 [AsyncHttpClient-1-2] DEBUG o.a.netty.handler.HttpHandler - 

Request DefaultHttpRequest(decodeResult: success, version: HTTP/1.1)
POST /session/993fcb0c79c5cc99e07ae54bdd044633/element HTTP/1.1
User-Agent: selenium/4.1.1 (java windows)
Content-Length: 118
Content-Type: application/json; charset=utf-8
host: localhost:50534
accept: */*

Response DefaultHttpResponse(decodeResult: success, version: HTTP/1.1)
HTTP/1.1 200 OK
Content-Type: application/json; charset=utf-8
cache-control: no-cache
content-length: 88

12:41:41.582 [AsyncHttpClient-1-2] DEBUG o.a.netty.channel.ChannelManager - Adding key: http://localhost:50534 for channel [id: 0x4fb6e4bd, L:/127.0.0.1:53719 - R:localhost/127.0.0.1:50534]
12:41:41.591 [Forwarding clickElement on session 993fcb0c79c5cc99e07ae54bdd044633 to remote] DEBUG o.a.netty.request.NettyRequestSender - Using pooled Channel '[id: 0x4fb6e4bd, L:/127.0.0.1:53719 - R:localhost/127.0.0.1:50534]' for 'POST' to 'http://localhost:50534/session/993fcb0c79c5cc99e07ae54bdd044633/element/a96bb70f-57bb-48e3-94ca-c35267fd6d21/click'
12:41:41.591 [Forwarding clickElement on session 993fcb0c79c5cc99e07ae54bdd044633 to remote] DEBUG o.a.netty.request.NettyRequestSender - Using open Channel [id: 0x4fb6e4bd, L:/127.0.0.1:53719 - R:localhost/127.0.0.1:50534] for POST '/session/993fcb0c79c5cc99e07ae54bdd044633/element/a96bb70f-57bb-48e3-94ca-c35267fd6d21/click'
12:41:41.616 [AsyncHttpClient-1-1] DEBUG o.a.netty.channel.DefaultChannelPool - Entry count for : http://localhost:53720 : 1
12:41:42.704 [AsyncHttpClient-1-1] DEBUG o.a.netty.channel.DefaultChannelPool - Entry count for : http://localhost:53720 : 1
12:41:43.362 [AsyncHttpClient-1-2] DEBUG o.a.netty.handler.HttpHandler - 

Request DefaultHttpRequest(decodeResult: success, version: HTTP/1.1)
POST /session/993fcb0c79c5cc99e07ae54bdd044633/element/a96bb70f-57bb-48e3-94ca-c35267fd6d21/click HTTP/1.1
User-Agent: selenium/4.1.1 (java windows)
Content-Length: 50
Content-Type: application/json; charset=utf-8
host: localhost:50534
accept: */*

Response DefaultHttpResponse(decodeResult: success, version: HTTP/1.1)
HTTP/1.1 200 OK
Content-Type: application/json; charset=utf-8
cache-control: no-cache
content-length: 14

12:41:43.364 [AsyncHttpClient-1-2] DEBUG o.a.netty.channel.ChannelManager - Adding key: http://localhost:50534 for channel [id: 0x4fb6e4bd, L:/127.0.0.1:53719 - R:localhost/127.0.0.1:50534]
12:41:43.369 [Forwarding getCurrentUrl on session 993fcb0c79c5cc99e07ae54bdd044633 to remote] DEBUG o.a.netty.request.NettyRequestSender - Using pooled Channel '[id: 0x4fb6e4bd, L:/127.0.0.1:53719 - R:localhost/127.0.0.1:50534]' for 'GET' to 'http://localhost:50534/session/993fcb0c79c5cc99e07ae54bdd044633/url'
12:41:43.370 [Forwarding getCurrentUrl on session 993fcb0c79c5cc99e07ae54bdd044633 to remote] DEBUG o.a.netty.request.NettyRequestSender - Using open Channel [id: 0x4fb6e4bd, L:/127.0.0.1:53719 - R:localhost/127.0.0.1:50534] for GET '/session/993fcb0c79c5cc99e07ae54bdd044633/url'
12:41:43.791 [AsyncHttpClient-1-1] DEBUG o.a.netty.channel.DefaultChannelPool - Entry count for : http://localhost:53720 : 1
12:41:43.908 [AsyncHttpClient-1-2] DEBUG o.a.netty.handler.HttpHandler - 

Request DefaultFullHttpRequest(decodeResult: success, version: HTTP/1.1, content: EmptyByteBufBE)
GET /session/993fcb0c79c5cc99e07ae54bdd044633/url HTTP/1.1
User-Agent: selenium/4.1.1 (java windows)
Cache-Control: no-cache
Content-Type: application/json; charset=utf-8
host: localhost:50534
accept: */*

Response DefaultHttpResponse(decodeResult: success, version: HTTP/1.1)
HTTP/1.1 200 OK
Content-Type: application/json; charset=utf-8
cache-control: no-cache
content-length: 62

12:41:43.909 [AsyncHttpClient-1-2] DEBUG o.a.netty.channel.ChannelManager - Adding key: http://localhost:50534 for channel [id: 0x4fb6e4bd, L:/127.0.0.1:53719 - R:localhost/127.0.0.1:50534]
12:41:43.965 [Driver Command Executor] DEBUG o.a.netty.request.NettyRequestSender - Using pooled Channel '[id: 0x4fb6e4bd, L:/127.0.0.1:53719 - R:localhost/127.0.0.1:50534]' for 'DELETE' to 'http://localhost:50534/session/993fcb0c79c5cc99e07ae54bdd044633'
12:41:43.966 [Driver Command Executor] DEBUG o.a.netty.request.NettyRequestSender - Using open Channel [id: 0x4fb6e4bd, L:/127.0.0.1:53719 - R:localhost/127.0.0.1:50534] for DELETE '/session/993fcb0c79c5cc99e07ae54bdd044633'
12:41:43.967 [AsyncHttpClient-1-4] DEBUG o.a.netty.handler.WebSocketHandler - Channel Closed: [id: 0x12d2421a, L:/127.0.0.1:53729 ! R:localhost/127.0.0.1:53720] with attribute NettyResponseFuture{currentRetry=5,
	isDone=1,
	isCancelled=0,
	asyncHandler=org.asynchttpclient.ws.WebSocketUpgradeHandler@3be6ac48,
	nettyRequest=org.asynchttpclient.netty.request.NettyRequest@7e38b38,
	future=java.util.concurrent.CompletableFuture@62a27113[Completed normally],
	uri=ws://localhost:53720/devtools/browser/1b54cac8-2123-4cc3-ad24-17540be0ac61,
	keepAlive=true,
	redirectCount=0,
	timeoutsHolder=null,
	inAuth=0,
	touch=1643449281963}
12:41:43.969 [AsyncHttpClient-1-4] DEBUG o.a.netty.channel.ChannelManager - Closing Channel [id: 0x12d2421a, L:/127.0.0.1:53729 ! R:localhost/127.0.0.1:53720] 
12:41:44.337 [AsyncHttpClient-1-3] DEBUG o.a.netty.handler.HttpHandler - Unexpected I/O exception on channel [id: 0x10da878e, L:/127.0.0.1:53728 - R:localhost/127.0.0.1:53720]
java.io.IOException: Удаленный хост принудительно разорвал существующее подключение
	at sun.nio.ch.SocketDispatcher.read0(Native Method)
	at sun.nio.ch.SocketDispatcher.read(SocketDispatcher.java:43)
	at sun.nio.ch.IOUtil.readIntoNativeBuffer(IOUtil.java:223)
	at sun.nio.ch.IOUtil.read(IOUtil.java:192)
	at sun.nio.ch.SocketChannelImpl.read(SocketChannelImpl.java:378)
	at io.netty.buffer.PooledByteBuf.setBytes(PooledByteBuf.java:253)
	at io.netty.buffer.AbstractByteBuf.writeBytes(AbstractByteBuf.java:1132)
	at io.netty.channel.socket.nio.NioSocketChannel.doReadBytes(NioSocketChannel.java:350)
	at io.netty.channel.nio.AbstractNioByteChannel$NioByteUnsafe.read(AbstractNioByteChannel.java:151)
	at io.netty.channel.nio.NioEventLoop.processSelectedKey(NioEventLoop.java:719)
	at io.netty.channel.nio.NioEventLoop.processSelectedKeysOptimized(NioEventLoop.java:655)
	at io.netty.channel.nio.NioEventLoop.processSelectedKeys(NioEventLoop.java:581)
	at io.netty.channel.nio.NioEventLoop.run(NioEventLoop.java:493)
	at io.netty.util.concurrent.SingleThreadEventExecutor$4.run(SingleThreadEventExecutor.java:986)
	at io.netty.util.internal.ThreadExecutorMap$2.run(ThreadExecutorMap.java:74)
	at io.netty.util.concurrent.FastThreadLocalRunnable.run(FastThreadLocalRunnable.java:30)
	at java.lang.Thread.run(Thread.java:748)
12:41:44.338 [AsyncHttpClient-1-3] DEBUG o.a.netty.channel.ChannelManager - Closing Channel [id: 0x10da878e, L:/127.0.0.1:53728 - R:localhost/127.0.0.1:53720] 
12:41:44.343 [AsyncHttpClient-1-3] DEBUG o.a.netty.handler.HttpHandler - Channel Closed: [id: 0x10da878e, L:/127.0.0.1:53728 ! R:localhost/127.0.0.1:53720] with attribute DISCARD
12:41:44.412 [AsyncHttpClient-1-2] DEBUG o.a.netty.handler.HttpHandler - 

Request DefaultFullHttpRequest(decodeResult: success, version: HTTP/1.1, content: EmptyByteBufBE)
DELETE /session/993fcb0c79c5cc99e07ae54bdd044633 HTTP/1.1
User-Agent: selenium/4.1.1 (java windows)
Content-Type: application/json; charset=utf-8
host: localhost:50534
accept: */*

Response DefaultHttpResponse(decodeResult: success, version: HTTP/1.1)
HTTP/1.1 200 OK
Content-Type: application/json; charset=utf-8
cache-control: no-cache
content-length: 14

12:41:44.415 [AsyncHttpClient-1-2] DEBUG o.a.netty.channel.ChannelManager - Adding key: http://localhost:50534 for channel [id: 0x4fb6e4bd, L:/127.0.0.1:53719 - R:localhost/127.0.0.1:50534]
12:41:44.887 [AsyncHttpClient-1-1] DEBUG o.a.netty.channel.DefaultChannelPool - Entry count for : http://localhost:50534 : 1
12:41:44.888 [AsyncHttpClient-1-1] DEBUG o.a.netty.channel.DefaultChannelPool - Entry count for : http://localhost:53720 : 1
12:41:44.889 [AsyncHttpClient-1-1] DEBUG o.a.netty.channel.DefaultChannelPool - Adding Candidate expired Channel [id: 0x10da878e, L:/127.0.0.1:53728 ! R:localhost/127.0.0.1:53720] isIdleTimeoutExpired=false isRemotelyClosed=true isTtlExpired=false
12:41:44.890 [AsyncHttpClient-1-1] DEBUG o.a.netty.channel.DefaultChannelPool - Closing Idle Channel [id: 0x10da878e, L:/127.0.0.1:53728 ! R:localhost/127.0.0.1:53720]
12:41:44.890 [AsyncHttpClient-1-1] DEBUG o.a.netty.channel.DefaultChannelPool - Closed 1 connections out of 2 in 1 ms
12:41:44.930 [AsyncHttpClient-1-2] DEBUG o.a.netty.handler.HttpHandler - Channel Closed: [id: 0x4fb6e4bd, L:/127.0.0.1:53719 ! R:localhost/127.0.0.1:50534] with attribute DISCARD
]]></system-out>
    <system-err><![CDATA[Starting ChromeDriver 97.0.4692.71 (adefa7837d02a07a604c1e6eff0b3a09422ab88d-refs/branch-heads/4692@{#1247}) on port 50534
Only local connections are allowed.
Please see https://chromedriver.chromium.org/security-considerations for suggestions on keeping ChromeDriver safe.
ChromeDriver was started successfully.
янв 29, 2022 12:41:21 PM org.openqa.selenium.remote.ProtocolHandshake createSession
INFO: Detected dialect: W3C
янв 29, 2022 12:41:22 PM org.openqa.selenium.devtools.CdpVersionFinder findNearestMatch
WARNING: Unable to find an exact match for CDP version 97, so returning the closest version found: 96
янв 29, 2022 12:41:22 PM org.openqa.selenium.devtools.CdpVersionFinder findNearestMatch
INFO: Found CDP implementation for version 97 of 96
]]></system-err>
  </testcase>
</testsuite>